 
 
*            * * * * * * * * * * * * * * * * * * * * * * * *                    
*            *                                             *                    
*            *     Program:  LaGriT                        *                    
*            *     Version:  1.003                         *                    
*            *     Compiled: 00/04/21 at 10:00:00          *                    
*            *                                             *                    
*            *                                             *                    
*            *     This run was processed                  *                    
*            *      on day:  Mon Jun 19 2000               *                    
*            *      at time: 16:57:06                      *                    
*            *                                             *                    
*            * * * * * * * * * * * * * * * * * * * * * * * *                    
 
 
 
Output log file: outx3dgen                                                      
Command log file: logx3dgen                                                     
 
 Enter a command
* TEST rmmat (lagrit_input_rmmat)                                               
 Enter a command
*                                                                               
 Enter a command
define/nx/15                                                                    
 Enter a command
define/ny/15                                                                    
 Enter a command
define/nz/2                                                                     
 Enter a command
                                                                                
cmo/create/mesh_object///tet                                                    
 Enter a command
createpts/xyz/nx,ny,nz/0. 0. 0./1. 1. 0.2/1 1 1                                 
  RZ GENERATED POINTS                    1 TO                  450              
 Enter a command
cmo/setatt/mesh_object/imt/1 0 0/1                                              
Warning: nelements = 0                                                          
       450 values reset for attribute imt1                                      
 
 Enter a command
connect                                                                         
 Coordinates of enclosing tetraheron are:                                       
          -0.75000D+00-0.75000D+00-0.40000D+00                                  
          -0.75000D+00 0.42500D+01 0.10000D+00                                  
          -0.75000D+00-0.75000D+00 0.60000D+00                                  
           0.42500D+01 0.50000D+00 0.10000D+00                                  
 ntets=       500     mpnt=      212     nlstfail=     285 %done=  18.36        
 ntets=       500     mpnt=      229     nlstfail=     286 %done=  18.36        
 ntets=       500     mpnt=      246     nlstfail=     287 %done=  18.36        
 ntets=       500     mpnt=      263     nlstfail=     288 %done=  18.36        
 ntets=       500     mpnt=      280     nlstfail=     289 %done=  18.36        
 ntets=       500     mpnt=      297     nlstfail=     290 %done=  18.36        
 ntets=       500     mpnt=      314     nlstfail=     291 %done=  18.36        
 
 There are    334 points that failed step       1                               
 
 Successfully eliminated all multimaterial connections.                         
 
 The mesh is now complete!                                                      
 
 Enter a command
*resetpts / itp                                                                 
 Enter a command
cmo/printatt//-all-/minmax                                                      
ATTRIBUTE NAME            MIN           MAX          DIFFERENCE   ATT LENGTH    
 -def-                0.00000E+00    0.00000E+00    0.00000E+00       450       
 scalar                         1              1              0         1       
 vector                         3              3              0         1       
 nnodes                       450            450              0         1       
 nedges                         0              0              0         1       
 nfaces                         0              0              0         1       
 nelements                   1169           1169              0         1       
 mbndry                  16000000       16000000              0         1       
 ndimensions_topo               3              3              0         1       
 ndimensions_geom               3              3              0         1       
 nodes_per_element              4              4              0         1       
 edges_per_element              6              6              0         1       
 faces_per_element              4              4              0         1       
 isetwd               0.00000E+00    0.00000E+00    0.00000E+00       450       
 ialias                         0              0              0       450       
 imt1                           1              1              0       450       
 itp1                           0              0              0       450       
 icr1                           0              0              0       450       
 isn1                           0              0              0       450       
 xic                  0.00000E+00    1.00000E+00    1.00000E+00       450       
 yic                  0.00000E+00    1.00000E+00    1.00000E+00       450       
 zic                  0.00000E+00    2.00000E-01    2.00000E-01       450       
 xtetwd               0.00000E+00    0.00000E+00    0.00000E+00      1169       
 itetclr                        1              1              0      1169       
 itettyp                        5              5              0      1169       
 itetoff                        0           4672           4672      1169       
 jtetoff                        0           4672           4672      1169       
 itet                           1            447            446      1169 x  4  
 jtet                           1       16000000       15999999      1169 x  4  
unavailable attribute type for minmax: CHARACTER                                
minmax failed for attribute ipolydat                                            
 
 Enter a command
dump/gmv/output_rmmat1.gmv/mesh_object                                          
cmo/modatt/-def-/-def-/ioflag/x                                                 
finish                                                                          
 Enter a command
*                                                                               
 Enter a command
surface/cyl_surf/intrface/cylinder/0.5,0.5,-1/0.5,0.5,1.0/0.25                  
 Enter a command
mregion/mr1/gt cyl_surf                                                         
 Enter a command
mregion/mr2/lt cyl_surf                                                         
 Enter a command
setpts                                                                          
 FOR imt=   1 NAME= mr1      THERE ARE             376 POINTS                   
 FOR imt=   2 NAME= mr2      THERE ARE              74 POINTS                   
 Enter a command
settets/geometry                                                                
 SETTETS required ITMAT step 2 for       1169 tets                              
 Multimaterial tet:          1 itet=       351       365       366       140    
 Multimaterial tet:          2 itet=        70       309       295        85    
 Multimaterial tet:          7 itet=        66        80       290        81    
 Multimaterial tet:          9 itet=       102       116       342       117    
 Multimaterial tet:         10 itet=        70       295       311        85    
 Multimaterial tet:         32 itet=       304       320       305        80    
 Multimaterial tet:         35 itet=        66       291       276       292    
 Multimaterial tet:         37 itet=       159       384       369       385    
 Multimaterial tet:         89 itet=       156       396       382       171    
 Multimaterial tet:        103 itet=       349       140       350       124    
 Multimaterial tet:        121 itet=        53       294       278       279    
 Multimaterial tet:        122 itet=       141       156       367       157    
 Multimaterial tet:        129 itet=       141       366       367       156    
 Multimaterial tet:        131 itet=        81        80       290       306    
 Multimaterial tet:        132 itet=        81        80       306       320    
 Multimaterial tet:        143 itet=       351       140       141       125    
 Multimaterial tet:        144 itet=       156       365       366       380    
 Multimaterial tet:        157 itet=       101       341       102       116    
 Multimaterial tet:        158 itet=       306        80       305       320    
 Multimaterial tet:        163 itet=       131       146       356       147    
 Multimaterial tet:        186 itet=       132       147       131       357    
 Multimaterial tet:        189 itet=       116       117       132       342    
 Multimaterial tet:        190 itet=        52        68       277        53    
 Multimaterial tet:        193 itet=       116       132       131       342    
 Multimaterial tet:        234 itet=       399       385       159       160    
 Multimaterial tet:        236 itet=       159       385       144       160    
 Multimaterial tet:        239 itet=        53        68       294        69    
 Multimaterial tet:        240 itet=       399       159       174       160    
 Multimaterial tet:        267 itet=       366       365       156       140    
 Multimaterial tet:        275 itet=       144       160       370       145    
 
There are    137  multimaterial tets.                                           
 Enter a command
cmo/setatt/mesh_object/icr/mr1/1                                                
illegal pset designation ,mr1                              returns empty pset   
No values acquired for indexed set of icr1                                      
 Enter a command
cmo/setatt/mesh_object/icr/mr2/3                                                
illegal pset designation ,mr2                              returns empty pset   
No values acquired for indexed set of icr1                                      
 Enter a command
cmo/printatt//-all-/minmax                                                      
ATTRIBUTE NAME            MIN           MAX          DIFFERENCE   ATT LENGTH    
 -def-                0.00000E+00    0.00000E+00    0.00000E+00       450       
 scalar                         1              1              0         1       
 vector                         3              3              0         1       
 nnodes                       450            450              0         1       
 nedges                         0              0              0         1       
 nfaces                         0              0              0         1       
 nelements                   1169           1169              0         1       
 mbndry                  16000000       16000000              0         1       
 ndimensions_topo               3              3              0         1       
 ndimensions_geom               3              3              0         1       
 nodes_per_element              4              4              0         1       
 edges_per_element              6              6              0         1       
 faces_per_element              4              4              0         1       
 isetwd               0.00000E+00    0.00000E+00    0.00000E+00       450       
 ialias                         0              0              0       450       
 imt1                           1              2              1       450       
 itp1                           0              0              0       450       
 icr1                           0              0              0       450       
 isn1                           0              0              0       450       
 xic                  0.00000E+00    1.00000E+00    1.00000E+00       450       
 yic                  0.00000E+00    1.00000E+00    1.00000E+00       450       
 zic                  0.00000E+00    2.00000E-01    2.00000E-01       450       
 xtetwd               0.00000E+00    0.00000E+00    0.00000E+00      1169       
 itetclr                        1              2              1      1169       
 itettyp                        5              5              0      1169       
 itetoff                        0           4672           4672      1169       
 jtetoff                        0           4672           4672      1169       
 itet                           1            447            446      1169 x  4  
 jtet                           1       16004488       16004487      1169 x  4  
unavailable attribute type for minmax: CHARACTER                                
minmax failed for attribute ipolydat                                            
 
 Enter a command
dump/gmv/output_rmmat2.gmv/mesh_object                                          
cmo/modatt/-def-/-def-/ioflag/x                                                 
finish                                                                          
 Enter a command
*                                                                               
 Enter a command
cmo copy mo3 mesh_object                                                        
 Enter a command
cmo copy mo4 mesh_object                                                        
 Enter a command
cmo copy mo5 mesh_object                                                        
 Enter a command
*                                                                               
 Enter a command
cmo select mo3                                                                  
 Enter a command
rmmat 2/node                                                                    
 RMMAT DUDDED         74 POINTS: FLAGGED          0 ELEMENTS                    
 Enter a command
rmpoint/compress                                                                
        74 points removed and        291 elements removed.                      
   The new point count is       376.                                            
   The new element count is       878.                                          
 Enter a command
dump/gmv/output_rmmat3.gmv/mo3                                                  
cmo/modatt/-def-/-def-/ioflag/x                                                 
finish                                                                          
 Enter a command
*                                                                               
 Enter a command
cmo select mo4                                                                  
 Enter a command
rmmat 2/element                                                                 
 RMMAT DUDDED          0 POINTS: FLAGGED        224 ELEMENTS                    
 Enter a command
rmpoint/compress                                                                
        52 points removed and        224 elements removed.                      
   The new point count is       398.                                            
   The new element count is       945.                                          
 Enter a command
dump/gmv/output_rmmat4.gmv/mo4                                                  
cmo/modatt/-def-/-def-/ioflag/x                                                 
finish                                                                          
 Enter a command
*                                                                               
 Enter a command
cmo select mo5                                                                  
 Enter a command
rmmat 2/all                                                                     
 RMMAT DUDDED         74 POINTS: FLAGGED        224 ELEMENTS                    
 Enter a command
rmpoint/compress                                                                
        74 points removed and        291 elements removed.                      
   The new point count is       376.                                            
   The new element count is       878.                                          
 Enter a command
dump/gmv/output_rmmat5.gmv/mo5                                                  
cmo/modatt/-def-/-def-/ioflag/x                                                 
finish                                                                          
 Enter a command
*                                                                               
 Enter a command
** begin validation output **                                                   
 Enter a command
cmo/status                                                                      
 
 
The current-mesh-object(CMO) is: mo5                                            
 
 
  1   Mesh Object name: -default-                        type=type status=status
   nnodes=       376 elements=       878 mbndry=  16000000                      
   nsdgeom=   3 nsdtopo=   3 nen=   4 nef=   4 nee=   6                         
 
 
          NAME     TYPE     RANK        LENGTH      INTER PERSI IO   VALUE      
 
  1           -def- VDOU     scalar          nnodes linea tempo agl  0.000E+00  
  2          scalar  INT     scalar          scalar const perma   l  1.000E+00  
  3          vector  INT     scalar          scalar const perma   l  3.000E+00  
  4          nnodes  INT     scalar          scalar const perma   l  0.000E+00  
  5          nedges  INT     scalar          scalar const perma   l  0.000E+00  
  6          nfaces  INT     scalar          scalar const perma   l  0.000E+00  
  7       nelements  INT     scalar          scalar const perma   l  0.000E+00  
  8          mbndry  INT     scalar          scalar const perma   l  1.600E+07  
  9 ndimensions_top  INT     scalar          scalar const perma   l  3.000E+00  
 10 ndimensions_geo  INT     scalar          scalar const perma   l  3.000E+00  
 11 nodes_per_eleme  INT     scalar          scalar const perma   l  4.000E+00  
 12 edges_per_eleme  INT     scalar          scalar const perma   l  6.000E+00  
 13 faces_per_eleme  INT     scalar          scalar const perma   l  4.000E+00  
 14          isetwd VDOU     scalar          nnodes    or perma   l  0.000E+00  
 15          ialias VINT     scalar          nnodes seque perma   l  0.000E+00  
 16            imt1 VINT     scalar          nnodes   max perma gal  0.000E+00  
 17            itp1 VINT     scalar          nnodes   min perma gal  0.000E+00  
 18            icr1 VINT     scalar          nnodes   min perma gal  0.000E+00  
 19            isn1 VINT     scalar          nnodes  user perma gal  0.000E+00  
 20             xic VDOU     scalar          nnodes linea perma   l  0.000E+00  
 21             yic VDOU     scalar          nnodes linea perma   l  0.000E+00  
 22             zic VDOU     scalar          nnodes linea perma   l  0.000E+00  
 23          xtetwd VDOU     scalar       nelements    or perma   l  0.000E+00  
 24         itetclr VINT     scalar       nelements  user perma   l  0.000E+00  
 25         itettyp VINT     scalar       nelements  user perma   l  0.000E+00  
 26         itetoff VINT     scalar       nelements  user perma   l  0.000E+00  
 27         jtetoff VINT     scalar       nelements  user perma   l  0.000E+00  
 28            itet VINT nodes_per_       nelements  user perma   l  0.000E+00  
 29            jtet VINT faces_per_       nelements  user perma   l  0.000E+00  
 30        ipolydat CHAR     scalar          scalar const perma   l yes         
 31           vor2d CHAR     scalar          scalar const perma   l yes         
 32           vor3d CHAR     scalar          scalar const perma   l no          
 33         epsilon REAL     scalar          scalar const perma   l  1.000E-15  
 34        epsilonl REAL     scalar          scalar const perma   l  1.000E-08  
 35        epsilona REAL     scalar          scalar const perma   l  1.000E-08  
 36        epsilonv REAL     scalar          scalar const perma   l  1.000E-08  
 37         ipointi  INT     scalar          scalar const perma   l  0.000E+00  
 38         ipointj  INT     scalar          scalar const perma   l  0.000E+00  
 39          idebug  INT     scalar          scalar const perma   l  0.000E+00  
 40     itypconv_sm  INT     scalar          scalar const perma   l  1.000E+00  
 41      maxiter_sm  INT     scalar          scalar const perma   l  2.500E+01  
 42      tolconv_sm REAL     scalar          scalar const perma   l  1.000E+00  
 43          nnfreq  INT     scalar          scalar const perma   l  1.000E+00  
 44        ivoronoi  INT     scalar          scalar const perma   l  1.000E+00  
 45        iopt2to2  INT     scalar          scalar const perma   l  2.000E+00  
 46        dumptype CHAR     scalar          scalar const perma   l binary      
 47         velname CHAR     scalar          scalar const perma   l vels        
 48        densname CHAR     scalar          scalar const perma   l ric         
 49        presname CHAR     scalar          scalar const perma   l pic         
 50        enername CHAR     scalar          scalar const perma   l eic         
 51            xmin REAL     scalar          scalar const perma   l -1.000E+00  
 52            ymin REAL     scalar          scalar const perma   l -1.000E+00  
 53            zmin REAL     scalar          scalar const perma   l -1.000E+00  
 54            xmax REAL     scalar          scalar const perma   l  1.000E+00  
 55            ymax REAL     scalar          scalar const perma   l  1.000E+00  
 56            zmax REAL     scalar          scalar const perma   l  1.000E+00  
 57    kdtree_level  INT     scalar          scalar const perma   l  0.000E+00  
 58 max_number_sets  INT     scalar          scalar const perma   l  3.200E+01  
 59 number_of_psets  INT     scalar          scalar const perma   l  0.000E+00  
 60 number_of_eltse  INT     scalar          scalar const perma   l  0.000E+00  
 61       psetnames VCHA     scalar max_number_sets const perma   l             
 62     eltsetnames VCHA     scalar max_number_sets const perma   l             
 63       geom_name CHAR     scalar max_number_sets const perma   l -defaultge  
 
 
  2   Mesh Object name: mesh_object                      type=type status=status
   nnodes=       450 elements=      1169 mbndry=  16000000                      
   nsdgeom=   3 nsdtopo=   3 nen=   4 nef=   4 nee=   6                         
 
 
          NAME     TYPE     RANK        LENGTH      INTER PERSI IO   VALUE      
 
  1           -def- VDOU     scalar          nnodes linea tempo   x  0.000E+00  
  2          scalar  INT     scalar          scalar const perma   l  1.000E+00  
  3          vector  INT     scalar          scalar const perma   l  3.000E+00  
  4          nnodes  INT     scalar          scalar const perma   l  4.500E+02  
  5          nedges  INT     scalar          scalar const perma   l  0.000E+00  
  6          nfaces  INT     scalar          scalar const perma   l  0.000E+00  
  7       nelements  INT     scalar          scalar const perma   l  1.169E+03  
  8          mbndry  INT     scalar          scalar const perma   l  1.600E+07  
  9 ndimensions_top  INT     scalar          scalar const perma   l  3.000E+00  
 10 ndimensions_geo  INT     scalar          scalar const perma   l  3.000E+00  
 11 nodes_per_eleme  INT     scalar          scalar const perma   l  4.000E+00  
 12 edges_per_eleme  INT     scalar          scalar const perma   l  6.000E+00  
 13 faces_per_eleme  INT     scalar          scalar const perma   l  4.000E+00  
 14          isetwd VDOU     scalar          nnodes    or perma   l  0.000E+00  
 15          ialias VINT     scalar          nnodes seque perma   l  0.000E+00  
 16            imt1 VINT     scalar          nnodes   max perma gal  0.000E+00  
 17            itp1 VINT     scalar          nnodes   min perma gal  0.000E+00  
 18            icr1 VINT     scalar          nnodes   min perma gal  0.000E+00  
 19            isn1 VINT     scalar          nnodes  user perma gal  0.000E+00  
 20             xic VDOU     scalar          nnodes linea perma   l  0.000E+00  
 21             yic VDOU     scalar          nnodes linea perma   l  0.000E+00  
 22             zic VDOU     scalar          nnodes linea perma   l  0.000E+00  
 23          xtetwd VDOU     scalar       nelements    or perma   l  0.000E+00  
 24         itetclr VINT     scalar       nelements  user perma   l  0.000E+00  
 25         itettyp VINT     scalar       nelements  user perma   l  0.000E+00  
 26         itetoff VINT     scalar       nelements  user perma   l  0.000E+00  
 27         jtetoff VINT     scalar       nelements  user perma   l  0.000E+00  
 28            itet VINT nodes_per_       nelements  user perma   l  0.000E+00  
 29            jtet VINT faces_per_       nelements  user perma   l  0.000E+00  
 30        ipolydat CHAR     scalar          scalar const perma   l yes         
 31           vor2d CHAR     scalar          scalar const perma   l yes         
 32           vor3d CHAR     scalar          scalar const perma   l no          
 33         epsilon REAL     scalar          scalar const perma   l  1.000E-15  
 34        epsilonl REAL     scalar          scalar const perma   l  3.171E-13  
 35        epsilona REAL     scalar          scalar const perma   l  4.530E-13  
 36        epsilonv REAL     scalar          scalar const perma   l  4.441E-14  
 37         ipointi  INT     scalar          scalar const perma   l  4.500E+02  
 38         ipointj  INT     scalar          scalar const perma   l  4.500E+02  
 39          idebug  INT     scalar          scalar const perma   l  0.000E+00  
 40     itypconv_sm  INT     scalar          scalar const perma   l  1.000E+00  
 41      maxiter_sm  INT     scalar          scalar const perma   l  2.500E+01  
 42      tolconv_sm REAL     scalar          scalar const perma   l  1.000E+00  
 43          nnfreq  INT     scalar          scalar const perma   l  1.000E+00  
 44        ivoronoi  INT     scalar          scalar const perma   l  1.000E+00  
 45        iopt2to2  INT     scalar          scalar const perma   l  2.000E+00  
 46        dumptype CHAR     scalar          scalar const perma   l binary      
 47         velname CHAR     scalar          scalar const perma   l vels        
 48        densname CHAR     scalar          scalar const perma   l ric         
 49        presname CHAR     scalar          scalar const perma   l pic         
 50        enername CHAR     scalar          scalar const perma   l eic         
 51            xmin REAL     scalar          scalar const perma   l  0.000E+00  
 52            ymin REAL     scalar          scalar const perma   l  0.000E+00  
 53            zmin REAL     scalar          scalar const perma   l  0.000E+00  
 54            xmax REAL     scalar          scalar const perma   l  1.000E+00  
 55            ymax REAL     scalar          scalar const perma   l  1.000E+00  
 56            zmax REAL     scalar          scalar const perma   l  2.000E-01  
 57    kdtree_level  INT     scalar          scalar const perma   l  0.000E+00  
 58 max_number_sets  INT     scalar          scalar const perma   l  3.200E+01  
 59 number_of_psets  INT     scalar          scalar const perma   l  0.000E+00  
 60 number_of_eltse  INT     scalar          scalar const perma   l  0.000E+00  
 61       psetnames VCHA     scalar max_number_sets const perma   l             
 62     eltsetnames VCHA     scalar max_number_sets const perma   l             
 63       geom_name CHAR     scalar max_number_sets const perma   l -defaultge  
 
 
  3   Mesh Object name: mo3                              type=type status=status
   nnodes=       376 elements=       878 mbndry=  16000000                      
   nsdgeom=   3 nsdtopo=   3 nen=   4 nef=   4 nee=   6                         
 
 
          NAME     TYPE     RANK        LENGTH      INTER PERSI IO   VALUE      
 
  1           -def- VDOU     scalar          nnodes linea tempo   x  0.000E+00  
  2          scalar  INT     scalar          scalar const perma   l  1.000E+00  
  3          vector  INT     scalar          scalar const perma   l  3.000E+00  
  4          nnodes  INT     scalar          scalar const perma   l  3.760E+02  
  5          nedges  INT     scalar          scalar const perma   l  0.000E+00  
  6          nfaces  INT     scalar          scalar const perma   l  0.000E+00  
  7       nelements  INT     scalar          scalar const perma   l  8.780E+02  
  8          mbndry  INT     scalar          scalar const perma   l  1.600E+07  
  9 ndimensions_top  INT     scalar          scalar const perma   l  3.000E+00  
 10 ndimensions_geo  INT     scalar          scalar const perma   l  3.000E+00  
 11 nodes_per_eleme  INT     scalar          scalar const perma   l  4.000E+00  
 12 edges_per_eleme  INT     scalar          scalar const perma   l  6.000E+00  
 13 faces_per_eleme  INT     scalar          scalar const perma   l  4.000E+00  
 14          isetwd VDOU     scalar          nnodes    or perma   l  0.000E+00  
 15          ialias VINT     scalar          nnodes seque perma   l  0.000E+00  
 16            imt1 VINT     scalar          nnodes   max perma gal  0.000E+00  
 17            itp1 VINT     scalar          nnodes   min perma gal  0.000E+00  
 18            icr1 VINT     scalar          nnodes   min perma gal  0.000E+00  
 19            isn1 VINT     scalar          nnodes  user perma gal  0.000E+00  
 20             xic VDOU     scalar          nnodes linea perma   l  0.000E+00  
 21             yic VDOU     scalar          nnodes linea perma   l  0.000E+00  
 22             zic VDOU     scalar          nnodes linea perma   l  0.000E+00  
 23          xtetwd VDOU     scalar       nelements    or perma   l  0.000E+00  
 24         itetclr VINT     scalar       nelements  user perma   l  0.000E+00  
 25         itettyp VINT     scalar       nelements  user perma   l  0.000E+00  
 26         itetoff VINT     scalar       nelements  user perma   l  0.000E+00  
 27         jtetoff VINT     scalar       nelements  user perma   l  0.000E+00  
 28            itet VINT nodes_per_       nelements  user perma   l  0.000E+00  
 29            jtet VINT faces_per_       nelements  user perma   l  0.000E+00  
 30        ipolydat CHAR     scalar          scalar const perma   l yes         
 31           vor2d CHAR     scalar          scalar const perma   l yes         
 32           vor3d CHAR     scalar          scalar const perma   l no          
 33         epsilon REAL     scalar          scalar const perma   l  1.000E-15  
 34        epsilonl REAL     scalar          scalar const perma   l  3.171E-13  
 35        epsilona REAL     scalar          scalar const perma   l  4.530E-13  
 36        epsilonv REAL     scalar          scalar const perma   l  4.441E-14  
 37         ipointi  INT     scalar          scalar const perma   l  1.000E+00  
 38         ipointj  INT     scalar          scalar const perma   l  3.760E+02  
 39          idebug  INT     scalar          scalar const perma   l  0.000E+00  
 40     itypconv_sm  INT     scalar          scalar const perma   l  1.000E+00  
 41      maxiter_sm  INT     scalar          scalar const perma   l  2.500E+01  
 42      tolconv_sm REAL     scalar          scalar const perma   l  1.000E+00  
 43          nnfreq  INT     scalar          scalar const perma   l  1.000E+00  
 44        ivoronoi  INT     scalar          scalar const perma   l  1.000E+00  
 45        iopt2to2  INT     scalar          scalar const perma   l  2.000E+00  
 46        dumptype CHAR     scalar          scalar const perma   l binary      
 47         velname CHAR     scalar          scalar const perma   l vels        
 48        densname CHAR     scalar          scalar const perma   l ric         
 49        presname CHAR     scalar          scalar const perma   l pic         
 50        enername CHAR     scalar          scalar const perma   l eic         
 51            xmin REAL     scalar          scalar const perma   l  0.000E+00  
 52            ymin REAL     scalar          scalar const perma   l  0.000E+00  
 53            zmin REAL     scalar          scalar const perma   l  0.000E+00  
 54            xmax REAL     scalar          scalar const perma   l  1.000E+00  
 55            ymax REAL     scalar          scalar const perma   l  1.000E+00  
 56            zmax REAL     scalar          scalar const perma   l  2.000E-01  
 57    kdtree_level  INT     scalar          scalar const perma   l  0.000E+00  
 58 max_number_sets  INT     scalar          scalar const perma   l  3.200E+01  
 59 number_of_psets  INT     scalar          scalar const perma   l  0.000E+00  
 60 number_of_eltse  INT     scalar          scalar const perma   l  0.000E+00  
 61       psetnames VCHA     scalar max_number_sets const perma   l             
 62     eltsetnames VCHA     scalar max_number_sets const perma   l             
 63       geom_name CHAR     scalar max_number_sets const perma   l -defaultge  
 
 
  4   Mesh Object name: mo4                              type=type status=status
   nnodes=       398 elements=       945 mbndry=  16000000                      
   nsdgeom=   3 nsdtopo=   3 nen=   4 nef=   4 nee=   6                         
 
 
          NAME     TYPE     RANK        LENGTH      INTER PERSI IO   VALUE      
 
  1           -def- VDOU     scalar          nnodes linea tempo   x  0.000E+00  
  2          scalar  INT     scalar          scalar const perma   l  1.000E+00  
  3          vector  INT     scalar          scalar const perma   l  3.000E+00  
  4          nnodes  INT     scalar          scalar const perma   l  3.980E+02  
  5          nedges  INT     scalar          scalar const perma   l  0.000E+00  
  6          nfaces  INT     scalar          scalar const perma   l  0.000E+00  
  7       nelements  INT     scalar          scalar const perma   l  9.450E+02  
  8          mbndry  INT     scalar          scalar const perma   l  1.600E+07  
  9 ndimensions_top  INT     scalar          scalar const perma   l  3.000E+00  
 10 ndimensions_geo  INT     scalar          scalar const perma   l  3.000E+00  
 11 nodes_per_eleme  INT     scalar          scalar const perma   l  4.000E+00  
 12 edges_per_eleme  INT     scalar          scalar const perma   l  6.000E+00  
 13 faces_per_eleme  INT     scalar          scalar const perma   l  4.000E+00  
 14          isetwd VDOU     scalar          nnodes    or perma   l  0.000E+00  
 15          ialias VINT     scalar          nnodes seque perma   l  0.000E+00  
 16            imt1 VINT     scalar          nnodes   max perma gal  0.000E+00  
 17            itp1 VINT     scalar          nnodes   min perma gal  0.000E+00  
 18            icr1 VINT     scalar          nnodes   min perma gal  0.000E+00  
 19            isn1 VINT     scalar          nnodes  user perma gal  0.000E+00  
 20             xic VDOU     scalar          nnodes linea perma   l  0.000E+00  
 21             yic VDOU     scalar          nnodes linea perma   l  0.000E+00  
 22             zic VDOU     scalar          nnodes linea perma   l  0.000E+00  
 23          xtetwd VDOU     scalar       nelements    or perma   l  0.000E+00  
 24         itetclr VINT     scalar       nelements  user perma   l  0.000E+00  
 25         itettyp VINT     scalar       nelements  user perma   l  0.000E+00  
 26         itetoff VINT     scalar       nelements  user perma   l  0.000E+00  
 27         jtetoff VINT     scalar       nelements  user perma   l  0.000E+00  
 28            itet VINT nodes_per_       nelements  user perma   l  0.000E+00  
 29            jtet VINT faces_per_       nelements  user perma   l  0.000E+00  
 30        ipolydat CHAR     scalar          scalar const perma   l yes         
 31           vor2d CHAR     scalar          scalar const perma   l yes         
 32           vor3d CHAR     scalar          scalar const perma   l no          
 33         epsilon REAL     scalar          scalar const perma   l  1.000E-15  
 34        epsilonl REAL     scalar          scalar const perma   l  3.171E-13  
 35        epsilona REAL     scalar          scalar const perma   l  4.530E-13  
 36        epsilonv REAL     scalar          scalar const perma   l  4.441E-14  
 37         ipointi  INT     scalar          scalar const perma   l  1.000E+00  
 38         ipointj  INT     scalar          scalar const perma   l  3.980E+02  
 39          idebug  INT     scalar          scalar const perma   l  0.000E+00  
 40     itypconv_sm  INT     scalar          scalar const perma   l  1.000E+00  
 41      maxiter_sm  INT     scalar          scalar const perma   l  2.500E+01  
 42      tolconv_sm REAL     scalar          scalar const perma   l  1.000E+00  
 43          nnfreq  INT     scalar          scalar const perma   l  1.000E+00  
 44        ivoronoi  INT     scalar          scalar const perma   l  1.000E+00  
 45        iopt2to2  INT     scalar          scalar const perma   l  2.000E+00  
 46        dumptype CHAR     scalar          scalar const perma   l binary      
 47         velname CHAR     scalar          scalar const perma   l vels        
 48        densname CHAR     scalar          scalar const perma   l ric         
 49        presname CHAR     scalar          scalar const perma   l pic         
 50        enername CHAR     scalar          scalar const perma   l eic         
 51            xmin REAL     scalar          scalar const perma   l  0.000E+00  
 52            ymin REAL     scalar          scalar const perma   l  0.000E+00  
 53            zmin REAL     scalar          scalar const perma   l  0.000E+00  
 54            xmax REAL     scalar          scalar const perma   l  1.000E+00  
 55            ymax REAL     scalar          scalar const perma   l  1.000E+00  
 56            zmax REAL     scalar          scalar const perma   l  2.000E-01  
 57    kdtree_level  INT     scalar          scalar const perma   l  0.000E+00  
 58 max_number_sets  INT     scalar          scalar const perma   l  3.200E+01  
 59 number_of_psets  INT     scalar          scalar const perma   l  0.000E+00  
 60 number_of_eltse  INT     scalar          scalar const perma   l  0.000E+00  
 61       psetnames VCHA     scalar max_number_sets const perma   l             
 62     eltsetnames VCHA     scalar max_number_sets const perma   l             
 63       geom_name CHAR     scalar max_number_sets const perma   l -defaultge  
 
 
  5   Mesh Object name: mo5                              type=type status=status
   nnodes=       376 elements=       878 mbndry=  16000000                      
   nsdgeom=   3 nsdtopo=   3 nen=   4 nef=   4 nee=   6                         
 
 
          NAME     TYPE     RANK        LENGTH      INTER PERSI IO   VALUE      
 
  1           -def- VDOU     scalar          nnodes linea tempo   x  0.000E+00  
  2          scalar  INT     scalar          scalar const perma   l  1.000E+00  
  3          vector  INT     scalar          scalar const perma   l  3.000E+00  
  4          nnodes  INT     scalar          scalar const perma   l  3.760E+02  
  5          nedges  INT     scalar          scalar const perma   l  0.000E+00  
  6          nfaces  INT     scalar          scalar const perma   l  0.000E+00  
  7       nelements  INT     scalar          scalar const perma   l  8.780E+02  
  8          mbndry  INT     scalar          scalar const perma   l  1.600E+07  
  9 ndimensions_top  INT     scalar          scalar const perma   l  3.000E+00  
 10 ndimensions_geo  INT     scalar          scalar const perma   l  3.000E+00  
 11 nodes_per_eleme  INT     scalar          scalar const perma   l  4.000E+00  
 12 edges_per_eleme  INT     scalar          scalar const perma   l  6.000E+00  
 13 faces_per_eleme  INT     scalar          scalar const perma   l  4.000E+00  
 14          isetwd VDOU     scalar          nnodes    or perma   l  0.000E+00  
 15          ialias VINT     scalar          nnodes seque perma   l  0.000E+00  
 16            imt1 VINT     scalar          nnodes   max perma gal  0.000E+00  
 17            itp1 VINT     scalar          nnodes   min perma gal  0.000E+00  
 18            icr1 VINT     scalar          nnodes   min perma gal  0.000E+00  
 19            isn1 VINT     scalar          nnodes  user perma gal  0.000E+00  
 20             xic VDOU     scalar          nnodes linea perma   l  0.000E+00  
 21             yic VDOU     scalar          nnodes linea perma   l  0.000E+00  
 22             zic VDOU     scalar          nnodes linea perma   l  0.000E+00  
 23          xtetwd VDOU     scalar       nelements    or perma   l  0.000E+00  
 24         itetclr VINT     scalar       nelements  user perma   l  0.000E+00  
 25         itettyp VINT     scalar       nelements  user perma   l  0.000E+00  
 26         itetoff VINT     scalar       nelements  user perma   l  0.000E+00  
 27         jtetoff VINT     scalar       nelements  user perma   l  0.000E+00  
 28            itet VINT nodes_per_       nelements  user perma   l  0.000E+00  
 29            jtet VINT faces_per_       nelements  user perma   l  0.000E+00  
 30        ipolydat CHAR     scalar          scalar const perma   l yes         
 31           vor2d CHAR     scalar          scalar const perma   l yes         
 32           vor3d CHAR     scalar          scalar const perma   l no          
 33         epsilon REAL     scalar          scalar const perma   l  1.000E-15  
 34        epsilonl REAL     scalar          scalar const perma   l  3.171E-13  
 35        epsilona REAL     scalar          scalar const perma   l  4.530E-13  
 36        epsilonv REAL     scalar          scalar const perma   l  4.441E-14  
 37         ipointi  INT     scalar          scalar const perma   l  1.000E+00  
 38         ipointj  INT     scalar          scalar const perma   l  3.760E+02  
 39          idebug  INT     scalar          scalar const perma   l  0.000E+00  
 40     itypconv_sm  INT     scalar          scalar const perma   l  1.000E+00  
 41      maxiter_sm  INT     scalar          scalar const perma   l  2.500E+01  
 42      tolconv_sm REAL     scalar          scalar const perma   l  1.000E+00  
 43          nnfreq  INT     scalar          scalar const perma   l  1.000E+00  
 44        ivoronoi  INT     scalar          scalar const perma   l  1.000E+00  
 45        iopt2to2  INT     scalar          scalar const perma   l  2.000E+00  
 46        dumptype CHAR     scalar          scalar const perma   l binary      
 47         velname CHAR     scalar          scalar const perma   l vels        
 48        densname CHAR     scalar          scalar const perma   l ric         
 49        presname CHAR     scalar          scalar const perma   l pic         
 50        enername CHAR     scalar          scalar const perma   l eic         
 51            xmin REAL     scalar          scalar const perma   l  0.000E+00  
 52            ymin REAL     scalar          scalar const perma   l  0.000E+00  
 53            zmin REAL     scalar          scalar const perma   l  0.000E+00  
 54            xmax REAL     scalar          scalar const perma   l  1.000E+00  
 55            ymax REAL     scalar          scalar const perma   l  1.000E+00  
 56            zmax REAL     scalar          scalar const perma   l  2.000E-01  
 57    kdtree_level  INT     scalar          scalar const perma   l  0.000E+00  
 58 max_number_sets  INT     scalar          scalar const perma   l  3.200E+01  
 59 number_of_psets  INT     scalar          scalar const perma   l  0.000E+00  
 60 number_of_eltse  INT     scalar          scalar const perma   l  0.000E+00  
 61       psetnames VCHA     scalar max_number_sets const perma   l             
 62     eltsetnames VCHA     scalar max_number_sets const perma   l             
 63       geom_name CHAR     scalar max_number_sets const perma   l -defaultge  
 Enter a command
cmo/printatt//-all-/minmax                                                      
ATTRIBUTE NAME            MIN           MAX          DIFFERENCE   ATT LENGTH    
 -def-                0.00000E+00    0.00000E+00    0.00000E+00       376       
 scalar                         1              1              0         1       
 vector                         3              3              0         1       
 nnodes                       376            376              0         1       
 nedges                         0              0              0         1       
 nfaces                         0              0              0         1       
 nelements                    878            878              0         1       
 mbndry                  16000000       16000000              0         1       
 ndimensions_topo               3              3              0         1       
 ndimensions_geom               3              3              0         1       
 nodes_per_element              4              4              0         1       
 edges_per_element              6              6              0         1       
 faces_per_element              4              4              0         1       
 isetwd               0.00000E+00    0.00000E+00    0.00000E+00       376       
 ialias                         0              0              0       376       
 imt1                           1              1              0       376       
 itp1                           0              0              0       376       
 icr1                           0              0              0       376       
 isn1                           0              0              0       376       
 xic                  0.00000E+00    1.00000E+00    1.00000E+00       376       
 yic                  0.00000E+00    1.00000E+00    1.00000E+00       376       
 zic                  0.00000E+00    2.00000E-01    2.00000E-01       376       
 xtetwd               0.00000E+00    0.00000E+00    0.00000E+00       878       
 itetclr                        1              1              0       878       
 itettyp                        5              5              0       878       
 itetoff                        0           3508           3508       878       
 jtetoff                        0           3508           3508       878       
 itet                           1            373            372       878 x  4  
 jtet                           7       16000000       15999993       878 x  4  
unavailable attribute type for minmax: CHARACTER                                
minmax failed for attribute ipolydat                                            
 
 Enter a command
quality                                                                         
 
epsilonl, epsilonaspect:   3.1714313E-13  3.1898182E-38                         
--------------------------------------------                                    
elements with aspect ratio < .01:                    0                          
elements with aspect ratio b/w .01 and .02:          0                          
elements with aspect ratio b/w .02 and .05:          0                          
elements with aspect ratio b/w .05 and .1 :          0                          
elements with aspect ratio b/w .1  and .2 :          0                          
elements with aspect ratio b/w .2  and .5 :        566                          
elements with aspect ratio b/w .5  and 1. :        312                          
min aspect ratio =  0.3876E+00  max aspect ratio =  0.6557E+00                  
 
epsilonvol:   4.4408921E-14                                                     
---------------------------------------                                         
element volumes b/w  0.1701E-03 and  0.1954E-03:       871                      
element volumes b/w  0.1954E-03 and  0.2244E-03:         0                      
element volumes b/w  0.2244E-03 and  0.2578E-03:         0                      
element volumes b/w  0.2578E-03 and  0.2961E-03:         0                      
element volumes b/w  0.2961E-03 and  0.3401E-03:         7                      
element volumes b/w  0.2961E-03 and  0.3401E-03:         7                      
min volume =   1.7006803E-04  max volume =   3.4013605E-04                      
-----------------------------------------------------------                     
       878 total elements evaluated.                                            
 
 Enter a command
finish                                                                          
LaGriT successfully completed                                                   
