 
 
*            * * * * * * * * * * * * * * * * * * * * * * * *                    
*            *                                             *                    
*            *     Program:  LaGriT                        *                    
*            *     Version:  1.003                         *                    
*            *     Compiled: 00/04/21 at 10:00:00          *                    
*            *                                             *                    
*            *                                             *                    
*            *     This run was processed                  *                    
*            *      on day:  Thu Jun  8 2000               *                    
*            *      at time: 13:24:54                      *                    
*            *                                             *                    
*            * * * * * * * * * * * * * * * * * * * * * * * *                    
 
 
 
Output log file: outx3dgen                                                      
Command log file: logx3dgen                                                     
 
 Enter a command
* TEST addmesh / intersect (lagrit_input5)                                      
 Enter a command
read/gmv/input_mesh1.gmv/cmo1                                                   
geniee                                                                          
finish                                                                          
 Enter a command
read/gmv/input_mesh2.gmv/cmo2                                                   
geniee                                                                          
finish                                                                          
 Enter a command
*                                                                               
 Enter a command
* get nodes of cmo1 that intersect elements of mesh cmo2                        
 Enter a command
* and put them into a pset called pset_overlap                                  
 Enter a command
addmesh/intersect/pset_overlap/cmo1/cmo2                                        
min/max 1:    0.000E+00   0.000E+00   0.000E+00   1.000E+00   1.000E+00   1.000E
                                                                             +00
Max/min 2:    7.500E-01   7.500E-01   7.500E-01   2.500E-01   2.500E-01   2.500E
                                                                             -01
log/tty/off                                                                     
finish                                                                          
cmo/addatt/cmo1/overlap/VINT/scalar/nnodes/linear/temporary/x/0                 
finish                                                                          
cmo/setatt/cmo1/overlap/87,87,1/1                                               
         1 values reset for attribute overlap                                   
 
finish                                                                          
cmo/setatt/cmo1/overlap/88,88,1/1                                               
         1 values reset for attribute overlap                                   
 
finish                                                                          
cmo/setatt/cmo1/overlap/93,93,1/1                                               
         1 values reset for attribute overlap                                   
 
finish                                                                          
cmo/setatt/cmo1/overlap/94,94,1/1                                               
         1 values reset for attribute overlap                                   
 
finish                                                                          
cmo/setatt/cmo1/overlap/123,123,1/1                                             
         1 values reset for attribute overlap                                   
 
finish                                                                          
cmo/setatt/cmo1/overlap/124,124,1/1                                             
         1 values reset for attribute overlap                                   
 
finish                                                                          
cmo/setatt/cmo1/overlap/129,129,1/1                                             
         1 values reset for attribute overlap                                   
 
finish                                                                          
cmo/setatt/cmo1/overlap/130,130,1/1                                             
         1 values reset for attribute overlap                                   
 
finish                                                                          
cmo/setatt/cmo1/overlap/217,217,1/1                                             
         1 values reset for attribute overlap                                   
 
finish                                                                          
cmo/setatt/cmo1/overlap/218,218,1/1                                             
         1 values reset for attribute overlap                                   
 
finish                                                                          
cmo/setatt/cmo1/overlap/219,219,1/1                                             
         1 values reset for attribute overlap                                   
 
finish                                                                          
cmo/setatt/cmo1/overlap/222,222,1/1                                             
         1 values reset for attribute overlap                                   
 
finish                                                                          
cmo/setatt/cmo1/overlap/223,223,1/1                                             
         1 values reset for attribute overlap                                   
 
finish                                                                          
cmo/setatt/cmo1/overlap/224,224,1/1                                             
         1 values reset for attribute overlap                                   
 
finish                                                                          
cmo/setatt/cmo1/overlap/225,225,1/1                                             
         1 values reset for attribute overlap                                   
 
finish                                                                          
cmo/setatt/cmo1/overlap/226,226,1/1                                             
         1 values reset for attribute overlap                                   
 
finish                                                                          
cmo/setatt/cmo1/overlap/227,227,1/1                                             
         1 values reset for attribute overlap                                   
 
finish                                                                          
cmo/setatt/cmo1/overlap/228,228,1/1                                             
         1 values reset for attribute overlap                                   
 
finish                                                                          
cmo/setatt/cmo1/overlap/230,230,1/1                                             
         1 values reset for attribute overlap                                   
 
finish                                                                          
cmo/setatt/cmo1/overlap/231,231,1/1                                             
         1 values reset for attribute overlap                                   
 
finish                                                                          
cmo/setatt/cmo1/overlap/232,232,1/1                                             
         1 values reset for attribute overlap                                   
 
finish                                                                          
cmo/setatt/cmo1/overlap/233,233,1/1                                             
         1 values reset for attribute overlap                                   
 
finish                                                                          
cmo/setatt/cmo1/overlap/234,234,1/1                                             
         1 values reset for attribute overlap                                   
 
finish                                                                          
cmo/setatt/cmo1/overlap/235,235,1/1                                             
         1 values reset for attribute overlap                                   
 
finish                                                                          
cmo/setatt/cmo1/overlap/237,237,1/1                                             
         1 values reset for attribute overlap                                   
 
finish                                                                          
cmo/setatt/cmo1/overlap/238,238,1/1                                             
         1 values reset for attribute overlap                                   
 
finish                                                                          
cmo/setatt/cmo1/overlap/239,239,1/1                                             
         1 values reset for attribute overlap                                   
 
finish                                                                          
cmo/setatt/cmo1/overlap/240,240,1/1                                             
         1 values reset for attribute overlap                                   
 
finish                                                                          
cmo/setatt/cmo1/overlap/242,242,1/1                                             
         1 values reset for attribute overlap                                   
 
finish                                                                          
cmo/setatt/cmo1/overlap/244,244,1/1                                             
         1 values reset for attribute overlap                                   
 
finish                                                                          
cmo/setatt/cmo1/overlap/245,245,1/1                                             
         1 values reset for attribute overlap                                   
 
finish                                                                          
cmo/setatt/cmo1/overlap/246,246,1/1                                             
         1 values reset for attribute overlap                                   
 
finish                                                                          
cmo/setatt/cmo1/overlap/247,247,1/1                                             
         1 values reset for attribute overlap                                   
 
finish                                                                          
cmo/setatt/cmo1/overlap/248,248,1/1                                             
         1 values reset for attribute overlap                                   
 
finish                                                                          
cmo/setatt/cmo1/overlap/249,249,1/1                                             
         1 values reset for attribute overlap                                   
 
finish                                                                          
cmo/setatt/cmo1/overlap/251,251,1/1                                             
         1 values reset for attribute overlap                                   
 
finish                                                                          
cmo/setatt/cmo1/overlap/253,253,1/1                                             
         1 values reset for attribute overlap                                   
 
finish                                                                          
cmo/setatt/cmo1/overlap/256,256,1/1                                             
         1 values reset for attribute overlap                                   
 
finish                                                                          
cmo/setatt/cmo1/overlap/257,257,1/1                                             
         1 values reset for attribute overlap                                   
 
finish                                                                          
cmo/setatt/cmo1/overlap/258,258,1/1                                             
         1 values reset for attribute overlap                                   
 
finish                                                                          
cmo/setatt/cmo1/overlap/259,259,1/1                                             
         1 values reset for attribute overlap                                   
 
finish                                                                          
cmo/setatt/cmo1/overlap/260,260,1/1                                             
         1 values reset for attribute overlap                                   
 
finish                                                                          
cmo/setatt/cmo1/overlap/261,261,1/1                                             
         1 values reset for attribute overlap                                   
 
finish                                                                          
cmo/setatt/cmo1/overlap/262,262,1/1                                             
         1 values reset for attribute overlap                                   
 
finish                                                                          
cmo/setatt/cmo1/overlap/263,263,1/1                                             
         1 values reset for attribute overlap                                   
 
finish                                                                          
cmo/setatt/cmo1/overlap/264,264,1/1                                             
         1 values reset for attribute overlap                                   
 
finish                                                                          
cmo/setatt/cmo1/overlap/265,265,1/1                                             
         1 values reset for attribute overlap                                   
 
finish                                                                          
cmo/setatt/cmo1/overlap/266,266,1/1                                             
         1 values reset for attribute overlap                                   
 
finish                                                                          
cmo/setatt/cmo1/overlap/268,268,1/1                                             
         1 values reset for attribute overlap                                   
 
finish                                                                          
cmo/setatt/cmo1/overlap/269,269,1/1                                             
         1 values reset for attribute overlap                                   
 
finish                                                                          
cmo/setatt/cmo1/overlap/270,270,1/1                                             
         1 values reset for attribute overlap                                   
 
finish                                                                          
cmo/setatt/cmo1/overlap/272,272,1/1                                             
         1 values reset for attribute overlap                                   
 
finish                                                                          
cmo/setatt/cmo1/overlap/274,274,1/1                                             
         1 values reset for attribute overlap                                   
 
finish                                                                          
cmo/setatt/cmo1/overlap/275,275,1/1                                             
         1 values reset for attribute overlap                                   
 
finish                                                                          
cmo/setatt/cmo1/overlap/276,276,1/1                                             
         1 values reset for attribute overlap                                   
 
finish                                                                          
cmo/setatt/cmo1/overlap/278,278,1/1                                             
         1 values reset for attribute overlap                                   
 
finish                                                                          
cmo/setatt/cmo1/overlap/279,279,1/1                                             
         1 values reset for attribute overlap                                   
 
finish                                                                          
cmo/setatt/cmo1/overlap/280,280,1/1                                             
         1 values reset for attribute overlap                                   
 
finish                                                                          
cmo/setatt/cmo1/overlap/281,281,1/1                                             
         1 values reset for attribute overlap                                   
 
finish                                                                          
cmo/setatt/cmo1/overlap/284,284,1/1                                             
         1 values reset for attribute overlap                                   
 
finish                                                                          
cmo/setatt/cmo1/overlap/285,285,1/1                                             
         1 values reset for attribute overlap                                   
 
finish                                                                          
cmo/setatt/cmo1/overlap/286,286,1/1                                             
         1 values reset for attribute overlap                                   
 
finish                                                                          
cmo/setatt/cmo1/overlap/287,287,1/1                                             
         1 values reset for attribute overlap                                   
 
finish                                                                          
cmo/setatt/cmo1/overlap/288,288,1/1                                             
         1 values reset for attribute overlap                                   
 
finish                                                                          
cmo/setatt/cmo1/overlap/289,289,1/1                                             
         1 values reset for attribute overlap                                   
 
finish                                                                          
cmo/setatt/cmo1/overlap/290,290,1/1                                             
         1 values reset for attribute overlap                                   
 
finish                                                                          
cmo/setatt/cmo1/overlap/291,291,1/1                                             
         1 values reset for attribute overlap                                   
 
finish                                                                          
cmo/setatt/cmo1/overlap/292,292,1/1                                             
         1 values reset for attribute overlap                                   
 
finish                                                                          
cmo/setatt/cmo1/overlap/294,294,1/1                                             
         1 values reset for attribute overlap                                   
 
finish                                                                          
cmo/setatt/cmo1/overlap/295,295,1/1                                             
         1 values reset for attribute overlap                                   
 
finish                                                                          
cmo/setatt/cmo1/overlap/296,296,1/1                                             
         1 values reset for attribute overlap                                   
 
finish                                                                          
cmo/setatt/cmo1/overlap/297,297,1/1                                             
         1 values reset for attribute overlap                                   
 
finish                                                                          
cmo/setatt/cmo1/overlap/298,298,1/1                                             
         1 values reset for attribute overlap                                   
 
finish                                                                          
cmo/setatt/cmo1/overlap/300,300,1/1                                             
         1 values reset for attribute overlap                                   
 
finish                                                                          
cmo/setatt/cmo1/overlap/301,301,1/1                                             
         1 values reset for attribute overlap                                   
 
finish                                                                          
cmo/setatt/cmo1/overlap/302,302,1/1                                             
         1 values reset for attribute overlap                                   
 
finish                                                                          
cmo/setatt/cmo1/overlap/303,303,1/1                                             
         1 values reset for attribute overlap                                   
 
finish                                                                          
cmo/setatt/cmo1/overlap/304,304,1/1                                             
         1 values reset for attribute overlap                                   
 
finish                                                                          
cmo/setatt/cmo1/overlap/306,306,1/1                                             
         1 values reset for attribute overlap                                   
 
finish                                                                          
cmo/setatt/cmo1/overlap/307,307,1/1                                             
         1 values reset for attribute overlap                                   
 
finish                                                                          
cmo/setatt/cmo1/overlap/308,308,1/1                                             
         1 values reset for attribute overlap                                   
 
finish                                                                          
cmo/setatt/cmo1/overlap/309,309,1/1                                             
         1 values reset for attribute overlap                                   
 
finish                                                                          
cmo/setatt/cmo1/overlap/310,310,1/1                                             
         1 values reset for attribute overlap                                   
 
finish                                                                          
cmo/setatt/cmo1/overlap/311,311,1/1                                             
         1 values reset for attribute overlap                                   
 
finish                                                                          
cmo/setatt/cmo1/overlap/312,312,1/1                                             
         1 values reset for attribute overlap                                   
 
finish                                                                          
cmo/setatt/cmo1/overlap/313,313,1/1                                             
         1 values reset for attribute overlap                                   
 
finish                                                                          
cmo/setatt/cmo1/overlap/314,314,1/1                                             
         1 values reset for attribute overlap                                   
 
finish                                                                          
cmo/setatt/cmo1/overlap/315,315,1/1                                             
         1 values reset for attribute overlap                                   
 
finish                                                                          
cmo/setatt/cmo1/overlap/317,317,1/1                                             
         1 values reset for attribute overlap                                   
 
finish                                                                          
cmo/setatt/cmo1/overlap/319,319,1/1                                             
         1 values reset for attribute overlap                                   
 
finish                                                                          
cmo/setatt/cmo1/overlap/321,321,1/1                                             
         1 values reset for attribute overlap                                   
 
finish                                                                          
cmo/setatt/cmo1/overlap/324,324,1/1                                             
         1 values reset for attribute overlap                                   
 
finish                                                                          
cmo/setatt/cmo1/overlap/325,325,1/1                                             
         1 values reset for attribute overlap                                   
 
finish                                                                          
pset/pset_overlap/attribute/overlap/1 0 0/1/eq                                  
 
 THE PSET pset_ove HAS         93 MASS POINTS                                   
finish                                                                          
cmo/delatt/cmo1/overlap                                                         
finish                                                                          
log/tty/on                                                                      
finish                                                                          
 Enter a command
*resetpts                                                                       
 Enter a command
*                                                                               
 Enter a command
*                                                                               
 Enter a command
*dump / gmv / output_inter.gmv / pset_overlap                                   
 Enter a command
* begin compare here                                                   
 Enter a command
cmo/status                                                                      
 
 
The current-mesh-object(CMO) is: cmo1                                           
 
 
  1   Mesh Object name: -default-                        type=type status=status
   nnodes=       325 elements=      1425 mbndry=  16000000                      
   nsdgeom=   3 nsdtopo=   3 nen=   4 nef=   4 nee=   6                         
 
 
          NAME     TYPE     RANK        LENGTH      INTER PERSI IO   VALUE      
 
  1           -def- VDOU     scalar          nnodes linea tempo agl  0.000E+00  
  2          scalar  INT     scalar          scalar const perma   l  1.000E+00  
  3          vector  INT     scalar          scalar const perma   l  3.000E+00  
  4          nnodes  INT     scalar          scalar const perma   l  0.000E+00  
  5          nedges  INT     scalar          scalar const perma   l  0.000E+00  
  6          nfaces  INT     scalar          scalar const perma   l  0.000E+00  
  7       nelements  INT     scalar          scalar const perma   l  0.000E+00  
  8          mbndry  INT     scalar          scalar const perma   l  1.600E+07  
  9 ndimensions_top  INT     scalar          scalar const perma   l  3.000E+00  
 10 ndimensions_geo  INT     scalar          scalar const perma   l  3.000E+00  
 11 nodes_per_eleme  INT     scalar          scalar const perma   l  4.000E+00  
 12 edges_per_eleme  INT     scalar          scalar const perma   l  6.000E+00  
 13 faces_per_eleme  INT     scalar          scalar const perma   l  4.000E+00  
 14          isetwd VDOU     scalar          nnodes    or perma   l  0.000E+00  
 15          ialias VINT     scalar          nnodes seque perma   l  0.000E+00  
 16            imt1 VINT     scalar          nnodes   max perma gal  0.000E+00  
 17            itp1 VINT     scalar          nnodes   min perma gal  0.000E+00  
 18            icr1 VINT     scalar          nnodes   min perma gal  0.000E+00  
 19            isn1 VINT     scalar          nnodes  user perma gal  0.000E+00  
 20             xic VDOU     scalar          nnodes linea perma   l  0.000E+00  
 21             yic VDOU     scalar          nnodes linea perma   l  0.000E+00  
 22             zic VDOU     scalar          nnodes linea perma   l  0.000E+00  
 23          xtetwd VDOU     scalar       nelements    or perma   l  0.000E+00  
 24         itetclr VINT     scalar       nelements  user perma   l  0.000E+00  
 25         itettyp VINT     scalar       nelements  user perma   l  0.000E+00  
 26         itetoff VINT     scalar       nelements  user perma   l  0.000E+00  
 27         jtetoff VINT     scalar       nelements  user perma   l  0.000E+00  
 28            itet VINT nodes_per_       nelements  user perma   l  0.000E+00  
 29            jtet VINT faces_per_       nelements  user perma   l  0.000E+00  
 30        ipolydat CHAR     scalar          scalar const perma   l yes         
 31           vor2d CHAR     scalar          scalar const perma   l yes         
 32           vor3d CHAR     scalar          scalar const perma   l no          
 33         epsilon REAL     scalar          scalar const perma   l  1.000E-15  
 34        epsilonl REAL     scalar          scalar const perma   l  1.000E-08  
 35        epsilona REAL     scalar          scalar const perma   l  1.000E-08  
 36        epsilonv REAL     scalar          scalar const perma   l  1.000E-08  
 37         ipointi  INT     scalar          scalar const perma   l  0.000E+00  
 38         ipointj  INT     scalar          scalar const perma   l  0.000E+00  
 39          idebug  INT     scalar          scalar const perma   l  0.000E+00  
 40     itypconv_sm  INT     scalar          scalar const perma   l  1.000E+00  
 41      maxiter_sm  INT     scalar          scalar const perma   l  2.500E+01  
 42      tolconv_sm REAL     scalar          scalar const perma   l  1.000E+00  
 43          nnfreq  INT     scalar          scalar const perma   l  1.000E+00  
 44        ivoronoi  INT     scalar          scalar const perma   l  1.000E+00  
 45        iopt2to2  INT     scalar          scalar const perma   l  2.000E+00  
 46        dumptype CHAR     scalar          scalar const perma   l binary      
 47         velname CHAR     scalar          scalar const perma   l vels        
 48        densname CHAR     scalar          scalar const perma   l ric         
 49        presname CHAR     scalar          scalar const perma   l pic         
 50        enername CHAR     scalar          scalar const perma   l eic         
 51            xmin REAL     scalar          scalar const perma   l -1.000E+00  
 52            ymin REAL     scalar          scalar const perma   l -1.000E+00  
 53            zmin REAL     scalar          scalar const perma   l -1.000E+00  
 54            xmax REAL     scalar          scalar const perma   l  1.000E+00  
 55            ymax REAL     scalar          scalar const perma   l  1.000E+00  
 56            zmax REAL     scalar          scalar const perma   l  1.000E+00  
 57    kdtree_level  INT     scalar          scalar const perma   l  0.000E+00  
 58 max_number_sets  INT     scalar          scalar const perma   l  3.200E+01  
 59 number_of_psets  INT     scalar          scalar const perma   l  0.000E+00  
 60 number_of_eltse  INT     scalar          scalar const perma   l  0.000E+00  
 61       psetnames VCHA     scalar max_number_sets const perma   l             
 62     eltsetnames VCHA     scalar max_number_sets const perma   l             
 63       geom_name CHAR     scalar max_number_sets const perma   l -defaultge  
 
 
  2   Mesh Object name: cmo1                             type=type status=status
   nnodes=       325 elements=      1425 mbndry=  16000000                      
   nsdgeom=   3 nsdtopo=   3 nen=   4 nef=   4 nee=   6                         
 
 
          NAME     TYPE     RANK        LENGTH      INTER PERSI IO   VALUE      
 
  1           -def- VDOU     scalar          nnodes linea tempo agl  0.000E+00  
  2          scalar  INT     scalar          scalar const perma   l  1.000E+00  
  3          vector  INT     scalar          scalar const perma   l  3.000E+00  
  4          nnodes  INT     scalar          scalar const perma   l  3.250E+02  
  5          nedges  INT     scalar          scalar const perma   l  0.000E+00  
  6          nfaces  INT     scalar          scalar const perma   l  0.000E+00  
  7       nelements  INT     scalar          scalar const perma   l  1.425E+03  
  8          mbndry  INT     scalar          scalar const perma   l  1.600E+07  
  9 ndimensions_top  INT     scalar          scalar const perma   l  3.000E+00  
 10 ndimensions_geo  INT     scalar          scalar const perma   l  3.000E+00  
 11 nodes_per_eleme  INT     scalar          scalar const perma   l  4.000E+00  
 12 edges_per_eleme  INT     scalar          scalar const perma   l  6.000E+00  
 13 faces_per_eleme  INT     scalar          scalar const perma   l  4.000E+00  
 14          isetwd VDOU     scalar          nnodes    or perma   l  0.000E+00  
 15          ialias VINT     scalar          nnodes seque perma   l  0.000E+00  
 16            imt1 VINT     scalar          nnodes   max perma gal  0.000E+00  
 17            itp1 VINT     scalar          nnodes   min perma gal  0.000E+00  
 18            icr1 VINT     scalar          nnodes   min perma gal  0.000E+00  
 19            isn1 VINT     scalar          nnodes  user perma gal  0.000E+00  
 20             xic VDOU     scalar          nnodes linea perma   l  0.000E+00  
 21             yic VDOU     scalar          nnodes linea perma   l  0.000E+00  
 22             zic VDOU     scalar          nnodes linea perma   l  0.000E+00  
 23          xtetwd VDOU     scalar       nelements    or perma   l  0.000E+00  
 24         itetclr VINT     scalar       nelements  user perma   l  0.000E+00  
 25         itettyp VINT     scalar       nelements  user perma   l  0.000E+00  
 26         itetoff VINT     scalar       nelements  user perma   l  0.000E+00  
 27         jtetoff VINT     scalar       nelements  user perma   l  0.000E+00  
 28            itet VINT nodes_per_       nelements  user perma   l  0.000E+00  
 29            jtet VINT faces_per_       nelements  user perma   l  0.000E+00  
 30        ipolydat CHAR     scalar          scalar const perma   l yes         
 31           vor2d CHAR     scalar          scalar const perma   l yes         
 32           vor3d CHAR     scalar          scalar const perma   l no          
 33         epsilon REAL     scalar          scalar const perma   l  1.000E-15  
 34        epsilonl REAL     scalar          scalar const perma   l  3.846E-13  
 35        epsilona REAL     scalar          scalar const perma   l  6.661E-13  
 36        epsilonv REAL     scalar          scalar const perma   l  2.220E-13  
 37         ipointi  INT     scalar          scalar const perma   l  1.000E+00  
 38         ipointj  INT     scalar          scalar const perma   l  3.250E+02  
 39          idebug  INT     scalar          scalar const perma   l  0.000E+00  
 40     itypconv_sm  INT     scalar          scalar const perma   l  1.000E+00  
 41      maxiter_sm  INT     scalar          scalar const perma   l  2.500E+01  
 42      tolconv_sm REAL     scalar          scalar const perma   l  1.000E+00  
 43          nnfreq  INT     scalar          scalar const perma   l  1.000E+00  
 44        ivoronoi  INT     scalar          scalar const perma   l  1.000E+00  
 45        iopt2to2  INT     scalar          scalar const perma   l  2.000E+00  
 46        dumptype CHAR     scalar          scalar const perma   l binary      
 47         velname CHAR     scalar          scalar const perma   l vels        
 48        densname CHAR     scalar          scalar const perma   l ric         
 49        presname CHAR     scalar          scalar const perma   l pic         
 50        enername CHAR     scalar          scalar const perma   l eic         
 51            xmin REAL     scalar          scalar const perma   l  0.000E+00  
 52            ymin REAL     scalar          scalar const perma   l  0.000E+00  
 53            zmin REAL     scalar          scalar const perma   l  0.000E+00  
 54            xmax REAL     scalar          scalar const perma   l  1.000E+00  
 55            ymax REAL     scalar          scalar const perma   l  1.000E+00  
 56            zmax REAL     scalar          scalar const perma   l  1.000E+00  
 57    kdtree_level  INT     scalar          scalar const perma   l  0.000E+00  
 58 max_number_sets  INT     scalar          scalar const perma   l  3.200E+01  
 59 number_of_psets  INT     scalar          scalar const perma   l  0.000E+00  
 60 number_of_eltse  INT     scalar          scalar const perma   l  0.000E+00  
 61       psetnames VCHA     scalar max_number_sets const perma   l             
 62     eltsetnames VCHA     scalar max_number_sets const perma   l             
 63       geom_name CHAR     scalar max_number_sets const perma   l -defaultge  
 
 
  3   Mesh Object name: cmo2                             type=type status=status
   nnodes=       216 elements=       750 mbndry=  16000000                      
   nsdgeom=   3 nsdtopo=   3 nen=   4 nef=   4 nee=   6                         
 
 
          NAME     TYPE     RANK        LENGTH      INTER PERSI IO   VALUE      
 
  1           -def- VDOU     scalar          nnodes linea tempo agl  0.000E+00  
  2          scalar  INT     scalar          scalar const perma   l  1.000E+00  
  3          vector  INT     scalar          scalar const perma   l  3.000E+00  
  4          nnodes  INT     scalar          scalar const perma   l  2.160E+02  
  5          nedges  INT     scalar          scalar const perma   l  0.000E+00  
  6          nfaces  INT     scalar          scalar const perma   l  0.000E+00  
  7       nelements  INT     scalar          scalar const perma   l  7.500E+02  
  8          mbndry  INT     scalar          scalar const perma   l  1.600E+07  
  9 ndimensions_top  INT     scalar          scalar const perma   l  3.000E+00  
 10 ndimensions_geo  INT     scalar          scalar const perma   l  3.000E+00  
 11 nodes_per_eleme  INT     scalar          scalar const perma   l  4.000E+00  
 12 edges_per_eleme  INT     scalar          scalar const perma   l  6.000E+00  
 13 faces_per_eleme  INT     scalar          scalar const perma   l  4.000E+00  
 14          isetwd VDOU     scalar          nnodes    or perma   l  0.000E+00  
 15          ialias VINT     scalar          nnodes seque perma   l  0.000E+00  
 16            imt1 VINT     scalar          nnodes   max perma gal  0.000E+00  
 17            itp1 VINT     scalar          nnodes   min perma gal  0.000E+00  
 18            icr1 VINT     scalar          nnodes   min perma gal  0.000E+00  
 19            isn1 VINT     scalar          nnodes  user perma gal  0.000E+00  
 20             xic VDOU     scalar          nnodes linea perma   l  0.000E+00  
 21             yic VDOU     scalar          nnodes linea perma   l  0.000E+00  
 22             zic VDOU     scalar          nnodes linea perma   l  0.000E+00  
 23          xtetwd VDOU     scalar       nelements    or perma   l  0.000E+00  
 24         itetclr VINT     scalar       nelements  user perma   l  0.000E+00  
 25         itettyp VINT     scalar       nelements  user perma   l  0.000E+00  
 26         itetoff VINT     scalar       nelements  user perma   l  0.000E+00  
 27         jtetoff VINT     scalar       nelements  user perma   l  0.000E+00  
 28            itet VINT nodes_per_       nelements  user perma   l  0.000E+00  
 29            jtet VINT faces_per_       nelements  user perma   l  0.000E+00  
 30        ipolydat CHAR     scalar          scalar const perma   l yes         
 31           vor2d CHAR     scalar          scalar const perma   l yes         
 32           vor3d CHAR     scalar          scalar const perma   l no          
 33         epsilon REAL     scalar          scalar const perma   l  1.000E-15  
 34        epsilonl REAL     scalar          scalar const perma   l  1.923E-13  
 35        epsilona REAL     scalar          scalar const perma   l  1.665E-13  
 36        epsilonv REAL     scalar          scalar const perma   l  2.776E-14  
 37         ipointi  INT     scalar          scalar const perma   l  1.000E+00  
 38         ipointj  INT     scalar          scalar const perma   l  2.160E+02  
 39          idebug  INT     scalar          scalar const perma   l  0.000E+00  
 40     itypconv_sm  INT     scalar          scalar const perma   l  1.000E+00  
 41      maxiter_sm  INT     scalar          scalar const perma   l  2.500E+01  
 42      tolconv_sm REAL     scalar          scalar const perma   l  1.000E+00  
 43          nnfreq  INT     scalar          scalar const perma   l  1.000E+00  
 44        ivoronoi  INT     scalar          scalar const perma   l  1.000E+00  
 45        iopt2to2  INT     scalar          scalar const perma   l  2.000E+00  
 46        dumptype CHAR     scalar          scalar const perma   l binary      
 47         velname CHAR     scalar          scalar const perma   l vels        
 48        densname CHAR     scalar          scalar const perma   l ric         
 49        presname CHAR     scalar          scalar const perma   l pic         
 50        enername CHAR     scalar          scalar const perma   l eic         
 51            xmin REAL     scalar          scalar const perma   l  2.500E-01  
 52            ymin REAL     scalar          scalar const perma   l  2.500E-01  
 53            zmin REAL     scalar          scalar const perma   l  2.500E-01  
 54            xmax REAL     scalar          scalar const perma   l  7.500E-01  
 55            ymax REAL     scalar          scalar const perma   l  7.500E-01  
 56            zmax REAL     scalar          scalar const perma   l  7.500E-01  
 57    kdtree_level  INT     scalar          scalar const perma   l  0.000E+00  
 58 max_number_sets  INT     scalar          scalar const perma   l  3.200E+01  
 59 number_of_psets  INT     scalar          scalar const perma   l  0.000E+00  
 60 number_of_eltse  INT     scalar          scalar const perma   l  0.000E+00  
 61       psetnames VCHA     scalar max_number_sets const perma   l             
 62     eltsetnames VCHA     scalar max_number_sets const perma   l             
 63       geom_name CHAR     scalar max_number_sets const perma   l -defaultge  
 
 
  4   Mesh Object name: pset_overlap                     type=type status=status
   nnodes=       325 elements=      1425 mbndry=  16000000                      
   nsdgeom=   3 nsdtopo=   3 nen=   4 nef=   4 nee=   6                         
 
 
          NAME     TYPE     RANK        LENGTH      INTER PERSI IO   VALUE      
 
  1           -def- VDOU     scalar          nnodes linea tempo agl  0.000E+00  
  2          scalar  INT     scalar          scalar const perma   l  1.000E+00  
  3          vector  INT     scalar          scalar const perma   l  3.000E+00  
  4          nnodes  INT     scalar          scalar const perma   l  3.250E+02  
  5          nedges  INT     scalar          scalar const perma   l  0.000E+00  
  6          nfaces  INT     scalar          scalar const perma   l  0.000E+00  
  7       nelements  INT     scalar          scalar const perma   l  1.425E+03  
  8          mbndry  INT     scalar          scalar const perma   l  1.600E+07  
  9 ndimensions_top  INT     scalar          scalar const perma   l  3.000E+00  
 10 ndimensions_geo  INT     scalar          scalar const perma   l  3.000E+00  
 11 nodes_per_eleme  INT     scalar          scalar const perma   l  4.000E+00  
 12 edges_per_eleme  INT     scalar          scalar const perma   l  6.000E+00  
 13 faces_per_eleme  INT     scalar          scalar const perma   l  4.000E+00  
 14          isetwd VDOU     scalar          nnodes    or perma   l  0.000E+00  
 15          ialias VINT     scalar          nnodes seque perma   l  0.000E+00  
 16            imt1 VINT     scalar          nnodes   max perma gal  0.000E+00  
 17            itp1 VINT     scalar          nnodes   min perma gal  0.000E+00  
 18            icr1 VINT     scalar          nnodes   min perma gal  0.000E+00  
 19            isn1 VINT     scalar          nnodes  user perma gal  0.000E+00  
 20             xic VDOU     scalar          nnodes linea perma   l  0.000E+00  
 21             yic VDOU     scalar          nnodes linea perma   l  0.000E+00  
 22             zic VDOU     scalar          nnodes linea perma   l  0.000E+00  
 23          xtetwd VDOU     scalar       nelements    or perma   l  0.000E+00  
 24         itetclr VINT     scalar       nelements  user perma   l  0.000E+00  
 25         itettyp VINT     scalar       nelements  user perma   l  0.000E+00  
 26         itetoff VINT     scalar       nelements  user perma   l  0.000E+00  
 27         jtetoff VINT     scalar       nelements  user perma   l  0.000E+00  
 28            itet VINT nodes_per_       nelements  user perma   l  0.000E+00  
 29            jtet VINT faces_per_       nelements  user perma   l  0.000E+00  
 30        ipolydat CHAR     scalar          scalar const perma   l yes         
 31           vor2d CHAR     scalar          scalar const perma   l yes         
 32           vor3d CHAR     scalar          scalar const perma   l no          
 33         epsilon REAL     scalar          scalar const perma   l  1.000E-15  
 34        epsilonl REAL     scalar          scalar const perma   l  3.846E-13  
 35        epsilona REAL     scalar          scalar const perma   l  6.661E-13  
 36        epsilonv REAL     scalar          scalar const perma   l  2.220E-13  
 37         ipointi  INT     scalar          scalar const perma   l  1.000E+00  
 38         ipointj  INT     scalar          scalar const perma   l  3.250E+02  
 39          idebug  INT     scalar          scalar const perma   l  0.000E+00  
 40     itypconv_sm  INT     scalar          scalar const perma   l  1.000E+00  
 41      maxiter_sm  INT     scalar          scalar const perma   l  2.500E+01  
 42      tolconv_sm REAL     scalar          scalar const perma   l  1.000E+00  
 43          nnfreq  INT     scalar          scalar const perma   l  1.000E+00  
 44        ivoronoi  INT     scalar          scalar const perma   l  1.000E+00  
 45        iopt2to2  INT     scalar          scalar const perma   l  2.000E+00  
 46        dumptype CHAR     scalar          scalar const perma   l binary      
 47         velname CHAR     scalar          scalar const perma   l vels        
 48        densname CHAR     scalar          scalar const perma   l ric         
 49        presname CHAR     scalar          scalar const perma   l pic         
 50        enername CHAR     scalar          scalar const perma   l eic         
 51            xmin REAL     scalar          scalar const perma   l  0.000E+00  
 52            ymin REAL     scalar          scalar const perma   l  0.000E+00  
 53            zmin REAL     scalar          scalar const perma   l  0.000E+00  
 54            xmax REAL     scalar          scalar const perma   l  1.000E+00  
 55            ymax REAL     scalar          scalar const perma   l  1.000E+00  
 56            zmax REAL     scalar          scalar const perma   l  1.000E+00  
 57    kdtree_level  INT     scalar          scalar const perma   l  0.000E+00  
 58 max_number_sets  INT     scalar          scalar const perma   l  3.200E+01  
 59 number_of_psets  INT     scalar          scalar const perma   l  0.000E+00  
 60 number_of_eltse  INT     scalar          scalar const perma   l  0.000E+00  
 61       psetnames VCHA     scalar max_number_sets const perma   l             
 62     eltsetnames VCHA     scalar max_number_sets const perma   l             
 63       geom_name CHAR     scalar max_number_sets const perma   l -defaultge  
 Enter a command
cmo/printatt//-all-/minmax                                                      
ATTRIBUTE NAME            MIN           MAX          DIFFERENCE   ATT LENGTH    
 -def-                0.00000E+00    0.00000E+00    0.00000E+00       325       
 scalar                         1              1              0         1       
 vector                         3              3              0         1       
 nnodes                       325            325              0         1       
 nedges                         0              0              0         1       
 nfaces                         0              0              0         1       
 nelements                   1425           1425              0         1       
 mbndry                  16000000       16000000              0         1       
 ndimensions_topo               3              3              0         1       
 ndimensions_geom               3              3              0         1       
 nodes_per_element              4              4              0         1       
 edges_per_element              6              6              0         1       
 faces_per_element              4              4              0         1       
 isetwd               0.00000E+00    2.12200-314    2.12200-314       325       
 ialias                         0              0              0       325       
 imt1                           1              1              0       325       
 itp1                           0             10             10       325       
 icr1                           0              0              0       325       
 isn1                           0              0              0       325       
 xic                  0.00000E+00    1.00000E+00    1.00000E+00       325       
 yic                  0.00000E+00    1.00000E+00    1.00000E+00       325       
 zic                  0.00000E+00    1.00000E+00    1.00000E+00       325       
 xtetwd               0.00000E+00    0.00000E+00    0.00000E+00      1425       
 itetclr                        1              1              0      1425       
 itettyp                        5              5              0      1425       
 itetoff                        0           5696           5696      1425       
 jtetoff                        0           5696           5696      1425       
 itet                           1            318            317      1425 x  4  
 jtet                           1       16000000       15999999      1425 x  4  
unavailable attribute type for minmax: CHARACTER                                
minmax failed for attribute ipolydat                                            
 
 Enter a command
quality                                                                         
 
epsilonl, epsilonaspect:   3.8459254E-13  5.6885628E-38                         
--------------------------------------------                                    
elements with aspect ratio < .01:                    0                          
elements with aspect ratio b/w .01 and .02:          0                          
elements with aspect ratio b/w .02 and .05:          0                          
elements with aspect ratio b/w .05 and .1 :          0                          
elements with aspect ratio b/w .1  and .2 :          0                          
elements with aspect ratio b/w .2  and .5 :         53                          
elements with aspect ratio b/w .5  and 1. :       1372                          
min aspect ratio =  0.4345E+00  max aspect ratio =  0.1000E+01                  
 
epsilonvol:   2.2204460E-13                                                     
---------------------------------------                                         
element volumes b/w  0.1667E-03 and  0.2526E-03:       492                      
element volumes b/w  0.2526E-03 and  0.3829E-03:       158                      
element volumes b/w  0.3829E-03 and  0.5804E-03:        36                      
element volumes b/w  0.5804E-03 and  0.8797E-03:       192                      
element volumes b/w  0.8797E-03 and  0.1333E-02:       547                      
element volumes b/w  0.8797E-03 and  0.1333E-02:       547                      
min volume =   1.6666654E-04  max volume =   1.3333338E-03                      
-----------------------------------------------------------                     
      1425 total elements evaluated.                                            
 
 Enter a command
finish                                                                          
LaGriT successfully completed                                                   
