 
 
*            * * * * * * * * * * * * * * * * * * * * * * * *                    
*            *                                             *                    
*            *     Program:  LaGriT                        *                    
*            *     Version:  1.003                         *                    
*            *     Compiled: 00/04/21 at 10:00:00          *                    
*            *                                             *                    
*            *                                             *                    
*            *     This run was processed                  *                    
*            *      on day:  Thu Jun  8 2000               *                    
*            *      at time: 14:18:09                      *                    
*            *                                             *                    
*            * * * * * * * * * * * * * * * * * * * * * * * *                    
 
 
 
Output log file: outx3dgen                                                      
Command log file: logx3dgen                                                     
 
 Enter a command
*TEST createpts/sphere (lagrit_input_createsphere3)                             
 Enter a command
cmo/create/cmo1/                                                                
 Enter a command
surface/s1/reflect/sphere/0.,0.,0.,3./                                          
Illegal CMO_GET_INFO option: cmo1                                               
                                                                         nconbnd
cmo/addatt//ncon50/INT/scalar/scalar/constant/permanent/l/0                     
finish                                                                          
cmo/addatt//nconbnd/INT/scalar/scalar/constant/permanent/l/0                    
finish                                                                          
cmo/addatt//icontab/VINT/scalar/ncon50/constant/permanent/l/0.0                 
finish                                                                          
 Enter a command
surface/s2/intrface/sphere/0.,0.,0.,2./                                         
 Enter a command
surface/s3/intrface/sphere/0.,0.,0.,1./                                         
 Enter a command
region/r1/le s1 and gt s2/                                                      
 Enter a command
region/r2/le s2 and ge s3/                                                      
 Enter a command
region/r3/lt s3/                                                                
 Enter a command
mregion/mr1/le s1 and gt s2/                                                    
 Enter a command
mregion/mr2/lt s2 and gt s3/                                                    
 Enter a command
mregion/mr3/lt s3/                                                              
 Enter a command
createpts/sphere/8/5/162/1.0,0.5/0.,0.,0./1,0.,0.                               
  RZS GENERATED POINTS      1 TO   1250 ELEMENTS      1 TO    640               
  RZS GENERATED POINTS      1 TO   1250                                         
 Enter a command
filter/1,0,0/                                                                   
 
FILTER:Use internal epsilonl value =   0.769185074553E-12                       
 
FILTER:Dudding    440 duplicate points.                                         
 Enter a command
geniee                                                                          
 Enter a command
*zq/imt/1,0,0/1/                                                                
 
Invalid LaGriT generator command: *zq                                           
 
error in command : *zq/imt/1,0,0/1/                                             
 Enter a command
setpts                                                                          
 FOR imt=   3 NAME= mr3      THERE ARE             648 POINTS                   
 FOR imt=   4 NAME= intrface THERE ARE             162 POINTS                   
 Enter a command
settets                                                                         
 Adding         0 interface-coupled points.                                     
 Enter a command
dump/gmv/output_createsphere3.gmv/                                              
cmo/modatt/-def-/-def-/ioflag/x                                                 
finish                                                                          
 Enter a command
* begin compare here                                                   
 
Invalid LaGriT generator command: **                                            
 
error in command : * begin compare here                                
 Enter a command
cmo/status                                                                      
 
 
The current-mesh-object(CMO) is: cmo1                                           
 
 
  1   Mesh Object name: -default-                        type=type status=status
   nnodes=      1250 elements=       640 mbndry=  16000000                      
   nsdgeom=   3 nsdtopo=   3 nen=   8 nef=   6 nee=   6                         
 
 
          NAME     TYPE     RANK        LENGTH      INTER PERSI IO   VALUE      
 
  1           -def- VDOU     scalar          nnodes linea tempo agl  0.000E+00  
  2          scalar  INT     scalar          scalar const perma   l  1.000E+00  
  3          vector  INT     scalar          scalar const perma   l  3.000E+00  
  4          nnodes  INT     scalar          scalar const perma   l  0.000E+00  
  5          nedges  INT     scalar          scalar const perma   l  0.000E+00  
  6          nfaces  INT     scalar          scalar const perma   l  0.000E+00  
  7       nelements  INT     scalar          scalar const perma   l  0.000E+00  
  8          mbndry  INT     scalar          scalar const perma   l  1.600E+07  
  9 ndimensions_top  INT     scalar          scalar const perma   l  3.000E+00  
 10 ndimensions_geo  INT     scalar          scalar const perma   l  3.000E+00  
 11 nodes_per_eleme  INT     scalar          scalar const perma   l  4.000E+00  
 12 edges_per_eleme  INT     scalar          scalar const perma   l  6.000E+00  
 13 faces_per_eleme  INT     scalar          scalar const perma   l  4.000E+00  
 14          isetwd VDOU     scalar          nnodes    or perma   l  0.000E+00  
 15          ialias VINT     scalar          nnodes seque perma   l  0.000E+00  
 16            imt1 VINT     scalar          nnodes   max perma gal  0.000E+00  
 17            itp1 VINT     scalar          nnodes   min perma gal  0.000E+00  
 18            icr1 VINT     scalar          nnodes   min perma gal  0.000E+00  
 19            isn1 VINT     scalar          nnodes  user perma gal  0.000E+00  
 20             xic VDOU     scalar          nnodes linea perma   l  0.000E+00  
 21             yic VDOU     scalar          nnodes linea perma   l  0.000E+00  
 22             zic VDOU     scalar          nnodes linea perma   l  0.000E+00  
 23          xtetwd VDOU     scalar       nelements    or perma   l  0.000E+00  
 24         itetclr VINT     scalar       nelements  user perma   l  0.000E+00  
 25         itettyp VINT     scalar       nelements  user perma   l  0.000E+00  
 26         itetoff VINT     scalar       nelements  user perma   l  0.000E+00  
 27         jtetoff VINT     scalar       nelements  user perma   l  0.000E+00  
 28            itet VINT nodes_per_       nelements  user perma   l  0.000E+00  
 29            jtet VINT faces_per_       nelements  user perma   l  0.000E+00  
 30        ipolydat CHAR     scalar          scalar const perma   l yes         
 31           vor2d CHAR     scalar          scalar const perma   l yes         
 32           vor3d CHAR     scalar          scalar const perma   l no          
 33         epsilon REAL     scalar          scalar const perma   l  1.000E-15  
 34        epsilonl REAL     scalar          scalar const perma   l  1.000E-08  
 35        epsilona REAL     scalar          scalar const perma   l  1.000E-08  
 36        epsilonv REAL     scalar          scalar const perma   l  1.000E-08  
 37         ipointi  INT     scalar          scalar const perma   l  0.000E+00  
 38         ipointj  INT     scalar          scalar const perma   l  0.000E+00  
 39          idebug  INT     scalar          scalar const perma   l  0.000E+00  
 40     itypconv_sm  INT     scalar          scalar const perma   l  1.000E+00  
 41      maxiter_sm  INT     scalar          scalar const perma   l  2.500E+01  
 42      tolconv_sm REAL     scalar          scalar const perma   l  1.000E+00  
 43          nnfreq  INT     scalar          scalar const perma   l  1.000E+00  
 44        ivoronoi  INT     scalar          scalar const perma   l  1.000E+00  
 45        iopt2to2  INT     scalar          scalar const perma   l  2.000E+00  
 46        dumptype CHAR     scalar          scalar const perma   l binary      
 47         velname CHAR     scalar          scalar const perma   l vels        
 48        densname CHAR     scalar          scalar const perma   l ric         
 49        presname CHAR     scalar          scalar const perma   l pic         
 50        enername CHAR     scalar          scalar const perma   l eic         
 51            xmin REAL     scalar          scalar const perma   l -1.000E+00  
 52            ymin REAL     scalar          scalar const perma   l -1.000E+00  
 53            zmin REAL     scalar          scalar const perma   l -1.000E+00  
 54            xmax REAL     scalar          scalar const perma   l  1.000E+00  
 55            ymax REAL     scalar          scalar const perma   l  1.000E+00  
 56            zmax REAL     scalar          scalar const perma   l  1.000E+00  
 57    kdtree_level  INT     scalar          scalar const perma   l  0.000E+00  
 58 max_number_sets  INT     scalar          scalar const perma   l  3.200E+01  
 59 number_of_psets  INT     scalar          scalar const perma   l  0.000E+00  
 60 number_of_eltse  INT     scalar          scalar const perma   l  0.000E+00  
 61       psetnames VCHA     scalar max_number_sets const perma   l             
 62     eltsetnames VCHA     scalar max_number_sets const perma   l             
 63       geom_name CHAR     scalar max_number_sets const perma   l -defaultge  
 
 
  2   Mesh Object name: cmo1                             type=type status=status
   nnodes=      1250 elements=       640 mbndry=  16000000                      
   nsdgeom=   3 nsdtopo=   3 nen=   8 nef=   6 nee=   6                         
 
 
          NAME     TYPE     RANK        LENGTH      INTER PERSI IO   VALUE      
 
  1           -def- VDOU     scalar          nnodes linea tempo   x  0.000E+00  
  2          scalar  INT     scalar          scalar const perma   l  1.000E+00  
  3          vector  INT     scalar          scalar const perma   l  3.000E+00  
  4          nnodes  INT     scalar          scalar const perma   l  1.250E+03  
  5          nedges  INT     scalar          scalar const perma   l  0.000E+00  
  6          nfaces  INT     scalar          scalar const perma   l  0.000E+00  
  7       nelements  INT     scalar          scalar const perma   l  6.400E+02  
  8          mbndry  INT     scalar          scalar const perma   l  1.600E+07  
  9 ndimensions_top  INT     scalar          scalar const perma   l  3.000E+00  
 10 ndimensions_geo  INT     scalar          scalar const perma   l  3.000E+00  
 11 nodes_per_eleme  INT     scalar          scalar const perma   l  8.000E+00  
 12 edges_per_eleme  INT     scalar          scalar const perma   l  6.000E+00  
 13 faces_per_eleme  INT     scalar          scalar const perma   l  6.000E+00  
 14          isetwd VDOU     scalar          nnodes    or perma   l  0.000E+00  
 15          ialias VINT     scalar          nnodes seque perma   l  0.000E+00  
 16            imt1 VINT     scalar          nnodes   max perma gal  0.000E+00  
 17            itp1 VINT     scalar          nnodes   min perma gal  0.000E+00  
 18            icr1 VINT     scalar          nnodes   min perma gal  0.000E+00  
 19            isn1 VINT     scalar          nnodes  user perma gal  0.000E+00  
 20             xic VDOU     scalar          nnodes linea perma   l  0.000E+00  
 21             yic VDOU     scalar          nnodes linea perma   l  0.000E+00  
 22             zic VDOU     scalar          nnodes linea perma   l  0.000E+00  
 23          xtetwd VDOU     scalar       nelements    or perma   l  0.000E+00  
 24         itetclr VINT     scalar       nelements  user perma   l  0.000E+00  
 25         itettyp VINT     scalar       nelements  user perma   l  0.000E+00  
 26         itetoff VINT     scalar       nelements  user perma   l  0.000E+00  
 27         jtetoff VINT     scalar       nelements  user perma   l  0.000E+00  
 28            itet VINT nodes_per_       nelements  user perma   l  0.000E+00  
 29            jtet VINT faces_per_       nelements  user perma   l  0.000E+00  
 30        ipolydat CHAR     scalar          scalar const perma   l yes         
 31           vor2d CHAR     scalar          scalar const perma   l yes         
 32           vor3d CHAR     scalar          scalar const perma   l no          
 33         epsilon REAL     scalar          scalar const perma   l  1.000E-15  
 34        epsilonl REAL     scalar          scalar const perma   l  7.692E-13  
 35        epsilona REAL     scalar          scalar const perma   l  2.665E-12  
 36        epsilonv REAL     scalar          scalar const perma   l  1.776E-12  
 37         ipointi  INT     scalar          scalar const perma   l  1.000E+00  
 38         ipointj  INT     scalar          scalar const perma   l  1.250E+03  
 39          idebug  INT     scalar          scalar const perma   l  0.000E+00  
 40     itypconv_sm  INT     scalar          scalar const perma   l  1.000E+00  
 41      maxiter_sm  INT     scalar          scalar const perma   l  2.500E+01  
 42      tolconv_sm REAL     scalar          scalar const perma   l  1.000E+00  
 43          nnfreq  INT     scalar          scalar const perma   l  1.000E+00  
 44        ivoronoi  INT     scalar          scalar const perma   l  1.000E+00  
 45        iopt2to2  INT     scalar          scalar const perma   l  2.000E+00  
 46        dumptype CHAR     scalar          scalar const perma   l binary      
 47         velname CHAR     scalar          scalar const perma   l vels        
 48        densname CHAR     scalar          scalar const perma   l ric         
 49        presname CHAR     scalar          scalar const perma   l pic         
 50        enername CHAR     scalar          scalar const perma   l eic         
 51            xmin REAL     scalar          scalar const perma   l -1.000E+00  
 52            ymin REAL     scalar          scalar const perma   l -1.000E+00  
 53            zmin REAL     scalar          scalar const perma   l -1.000E+00  
 54            xmax REAL     scalar          scalar const perma   l  1.000E+00  
 55            ymax REAL     scalar          scalar const perma   l  1.000E+00  
 56            zmax REAL     scalar          scalar const perma   l  1.000E+00  
 57    kdtree_level  INT     scalar          scalar const perma   l  0.000E+00  
 58 max_number_sets  INT     scalar          scalar const perma   l  3.200E+01  
 59 number_of_psets  INT     scalar          scalar const perma   l  0.000E+00  
 60 number_of_eltse  INT     scalar          scalar const perma   l  0.000E+00  
 61       psetnames VCHA     scalar max_number_sets const perma   l             
 62     eltsetnames VCHA     scalar max_number_sets const perma   l             
 63       geom_name CHAR     scalar max_number_sets const perma   l -defaultge  
 64          ncon50  INT     scalar          scalar const tempo   l  2.500E+03  
 65         nconbnd  INT     scalar          scalar const tempo   l  1.000E+00  
 66         icontab VINT     scalar          ncon50 const tempo   l  0.000E+00  
 Enter a command
cmo/printatt//-all-/minmax                                                      
ATTRIBUTE NAME            MIN           MAX          DIFFERENCE   ATT LENGTH    
 -def-                0.00000E+00    0.00000E+00    0.00000E+00      1250       
 scalar                         1              1              0         1       
 vector                         3              3              0         1       
 nnodes                      1250           1250              0         1       
 nedges                         0              0              0         1       
 nfaces                         0              0              0         1       
 nelements                    640            640              0         1       
 mbndry                  16000000       16000000              0         1       
 ndimensions_topo               3              3              0         1       
 ndimensions_geom               3              3              0         1       
 nodes_per_element              8              8              0         1       
 edges_per_element              6              6              0         1       
 faces_per_element              6              6              0         1       
 isetwd               0.00000E+00    0.00000E+00    0.00000E+00      1250       
 ialias                         0              0              0      1250       
 imt1                           3              3              0      1250       
 itp1                           0              0              0      1250       
 icr1                           0              0              0      1250       
 isn1                           0              0              0      1250       
 xic                 -1.00000E+00    1.00000E+00    2.00000E+00      1250       
 yic                 -1.00000E+00    1.00000E+00    2.00000E+00      1250       
 zic                 -1.00000E+00    1.00000E+00    2.00000E+00      1250       
 xtetwd               0.00000E+00    0.00000E+00    0.00000E+00       640       
 itetclr                        3              3              0       640       
 itettyp                        8              8              0       640       
 itetoff                        0           5112           5112       640       
 jtetoff                        0           3834           3834       640       
 itet                           7            500            493       640 x  8  
 jtet                           3       16000000       15999997       640 x  6  
unavailable attribute type for minmax: CHARACTER                                
minmax failed for attribute ipolydat                                            
 
 Enter a command
quality                                                                         
 
epsilonl, epsilonaspect:   7.6918507E-13  4.5508503E-37                         
--------------------------------------------                                    
elements with aspect ratio < .01:                    0                          
elements with aspect ratio b/w .01 and .02:          0                          
elements with aspect ratio b/w .02 and .05:          0                          
elements with aspect ratio b/w .05 and .1 :          0                          
elements with aspect ratio b/w .1  and .2 :          0                          
elements with aspect ratio b/w .2  and .5 :          0                          
elements with aspect ratio b/w .5  and 1. :        640                          
min aspect ratio =  0.5651E+00  max aspect ratio =  0.7659E+00                  
 
epsilonvol:   1.7763568E-12                                                     
---------------------------------------                                         
element volumes b/w  0.2783E-02 and  0.3559E-02:       160                      
element volumes b/w  0.3559E-02 and  0.4552E-02:       100                      
element volumes b/w  0.4552E-02 and  0.5821E-02:        80                      
element volumes b/w  0.5821E-02 and  0.7443E-02:       140                      
element volumes b/w  0.7443E-02 and  0.9518E-02:       160                      
element volumes b/w  0.7443E-02 and  0.9518E-02:       160                      
min volume =   2.7833572E-03  max volume =   9.5182493E-03                      
-----------------------------------------------------------                     
       640 total elements evaluated.                                            
 
 Enter a command
finish                                                                          
LaGriT successfully completed                                                   
