infile 01_create_hex.lgi                                                        
cmo/create/3dmesh///hex                                                         
cmo/status/3dmesh                                                               
define/XMIN/0.                                                                  
define/XMAX/100.                                                                
define/YMIN/0.                                                                  
define/YMAX/50.                                                                 
define/ZMIN/0.                                                                  
define/ZMAX/80.                                                                 
define/NX/11                                                                    
define/NY/6                                                                     
define/NZ/9                                                                     
define/NZ/17                                                                    
createpts/brick/xyz/NX NY NZ/XMIN YMIN ZMIN/XMAX YMAX ZMAX/1,1,1                
cmo/setatt/3dmesh/imt/1,0,0/1                                                   
cmo/setatt/3dmesh/itetclr/1,0,0/1                                               
resetpts/itp                                                                    
cmo/status/3dmesh/brief                                                         
cmo/printatt/3dmesh/-xyz- minmax                                                
quality                                                                         
dump/avs/01_hex_mesh.inp/3dmesh                                                 
finish                                                                          
cmo/status/3dmesh/brief                                                         
cmo/create/mo_tet                                                               
copypts/mo_tet/3dmesh                                                           
cmo/list                                                                        
cmo/select/mo_tet                                                               
cmo/status/mo_tet/brief                                                         
filter/1,0,0                                                                    
rmpoint/compress                                                                
cmo/setatt/mo_tet/imt/1 0 0/1                                                   
cmo/setatt/mo_tet/itp/1 0 0/0                                                   
connect                                                                         
quality                                                                         
cmo/setatt/mo_tet/itetclr/1                                                     
resetpts/itp                                                                    
grid2grid/hextotet5/mo_hex2tet/3dmesh                                           
cmo/list                                                                        
quality                                                                         
cmo/setatt/mo_hex2tet/itetclr/1                                                 
resetpts/itp                                                                    
cmo/addatt/mo_tet/volume/tet_vol                                                
cmo/addatt/mo_tet/voronoi_volume/vor_vol                                        
cmo/addatt/mo_hex2tet/volume/tet_vol                                            
cmo/addatt/mo_hex2tet/voronoi_volume/vor_vol                                    
cmo/printatt/mo_tet/tet_vol/minmax                                              
cmo/printatt/mo_tet/vor_vol/minmax                                              
cmo/printatt/mo_hex2tet/tet_vol/minmax                                          
cmo/printatt/mo_hex2tet/vor_vol/minmax                                          
dump/avs/02_tet_connect.inp/mo_tet                                              
dump/avs/02_hex2tet5.inp/mo_hex2tet                                             
finish                                                                          
